<?xml version="1.0" encoding="UTF-8"?>
<!-- Generated by org.testng.reporters.JUnitReportReporter -->
<testsuite hostname="DESKTOP-4IAP090" failures="0" tests="1" name="Test.TestPage" time="0.008" errors="0" timestamp="17 Jun 2020 04:05:09 GMT" skipped="0">
  <testcase classname="Test.TestPage" name="startSite" time="0.008"/>
</testsuite> <!-- Test.TestPage -->
